<?xml version="1.0" encoding="UTF-8"?>
<!-- Generated by org.testng.reporters.JUnitReportReporter -->
<testsuite hostname="LAPTOP-JNGBS137" failures="0" tests="2" name="com.Tests.Login" time="3.800" errors="0" timestamp="2022-12-25T22:24:21 IST" skipped="1">
  <testcase classname="com.Tests.Login" name="checkOrderPage" time="3.800"/>
  <system-out/>
  <testcase classname="com.Tests.Login" name="login_test">
    <skipped/>
  </testcase> <!-- login_test -->
  <system-out/>
</testsuite> <!-- com.Tests.Login -->
